<?xml version="1.0" encoding="UTF-8"?>
<!-- Generated by org.testng.reporters.JUnitReportReporter -->
<testsuite hostname="DESKTOP-H32C6ON" failures="0" tests="7" name="Auction.test_class" time="40.110" errors="0" timestamp="2025-04-08T11:05:33 IST" skipped="0">
  <testcase classname="Auction.test_class" name="user_login" time="2.927"/>
  <system-out/>
  <testcase classname="Auction.test_class" name="inviting_vendor" time="12.236"/>
  <system-out/>
  <testcase classname="Auction.test_class" name="company_details" time="0.612"/>
  <system-out/>
  <testcase classname="Auction.test_class" name="adress" time="0.963"/>
  <system-out/>
  <testcase classname="Auction.test_class" name="contact_info" time="11.800"/>
  <system-out/>
  <testcase classname="Auction.test_class" name="change_psw" time="6.579"/>
  <system-out/>
  <testcase classname="Auction.test_class" name="portal_login" time="4.993"/>
  <system-out/>
</testsuite> <!-- Auction.test_class -->
