<?xml version="1.0" encoding="UTF-8"?>
<!-- Generated by org.testng.reporters.JUnitReportReporter -->
<testsuite hostname="DESKTOP-H32C6ON" failures="0" tests="3" name="adding_modules.test_class" time="16.489" errors="0" timestamp="2025-04-11T16:04:26 IST" skipped="0">
  <testcase classname="adding_modules.test_class" name="add_inco_terms" time="7.086"/>
  <system-out/>
  <testcase classname="adding_modules.test_class" name="add_cost_center" time="4.071"/>
  <system-out/>
  <testcase classname="adding_modules.test_class" name="add_address" time="5.332"/>
  <system-out/>
</testsuite> <!-- adding_modules.test_class -->
